0000-0cf7 : PCI Bus 0000:00
  0000-001f : dma1
  0020-0021 : pic1
  0040-0043 : timer0
  0050-0053 : timer1
  0060-0060 : keyboard
  0061-0061 : PNP0800:00
  0064-0064 : keyboard
  0070-0071 : rtc0
  0080-008f : dma page reg
  00a0-00a1 : pic2
  00c0-00df : dma2
  00f0-00ff : fpu
    00f0-00f0 : PNP0C04:00
  03f8-03ff : serial
  0400-047f : pnp 00:01
    0400-0403 : ACPI PM1a_EVT_BLK
    0404-0405 : ACPI PM1a_CNT_BLK
    0408-040b : ACPI PM_TMR
    0420-042f : ACPI GPE0_BLK
    0430-0433 : iTCO_wdt.1.auto
    0450-0450 : ACPI PM2_CNT_BLK
    0460-047f : iTCO_wdt.1.auto
  0500-057f : gpio_ich.2.auto
    0500-057f : pnp 00:01
      0530-053f : gpio_ich
      0540-054f : gpio_ich
  0580-059f : pnp 00:01
  0600-061f : pnp 00:01
  0800-081f : pnp 00:01
  0880-0883 : pnp 00:01
  0a00-0a0f : pnp 00:02
  0a10-0a1f : pnp 00:02
  0a20-0a2f : pnp 00:02
  0a30-0a3f : pnp 00:02
0cf8-0cff : PCI conf1
1000-ffff : PCI Bus 0000:00
  d000-dfff : PCI Bus 0000:08
    d000-d0ff : 0000:08:00.0
  e000-efff : PCI Bus 0000:03
    e000-efff : PCI Bus 0000:04
      e000-efff : PCI Bus 0000:05
        e000-e0ff : 0000:05:00.0
  f000-f01f : 0000:00:1f.3
    f000-f01f : i801_smbus
